[02/Mar/2022:03:48:37] (I): WordPress Instance Info:
[02/Mar/2022:03:48:37] (I): Home URL : https://blck-dmnd.com
[02/Mar/2022:03:48:37] (I): Site URL : https://blck-dmnd.com
[02/Mar/2022:03:48:37] (I): WordPress Version : 5.9.1
[02/Mar/2022:03:48:37] (I): Onboarding Version : 1.1.21
[02/Mar/2022:03:48:37] (I): Multisite : No
[02/Mar/2022:03:48:37] (I): Server Info : Apache
[02/Mar/2022:03:48:37] (I): PHP Version : 7.4.28
[02/Mar/2022:03:48:37] (I): HTTPS : Yes
[02/Mar/2022:03:48:37] (I): PHP Max Execution Time : 30
[02/Mar/2022:03:48:37] (I): PHP Max Input Vars : 1000
[02/Mar/2022:03:48:37] (I): Max Upload Size : 536870912
[02/Mar/2022:03:48:37] (I): Plugins:
[02/Mar/2022:03:48:37] (I): [PLUGIN] Gutenberg Blocks and Template Library by Otter : v1.7.5 (ThemeIsle)
[02/Mar/2022:03:48:37] (I): [PLUGIN] Templates Patterns Collection : v1.1.21 (ThemeIsle)
[02/Mar/2022:03:48:37] (P): Saving remote XML
[02/Mar/2022:03:48:37] (S): Saved remote XML at path /home3/blckdmnd/public_html/wp-content/uploads/themeisle-demo-import.xml.
[02/Mar/2022:03:48:37] (P): Starting content import...
[02/Mar/2022:03:48:37] (S): Import started.
[02/Mar/2022:03:48:37] (S): Parsing XML file.
[02/Mar/2022:03:48:37] (P): Starting parsing file:/home3/blckdmnd/public_html/wp-content/uploads/themeisle-demo-import.xml
[02/Mar/2022:03:48:37] (P): Using WXR_Parser_SimpleXML...
[02/Mar/2022:03:48:37] (S): Parsed XML
[02/Mar/2022:03:48:37] (P): Processing categories...
[02/Mar/2022:03:48:37] (S): Processed categories.
[02/Mar/2022:03:48:37] (P): Processing tags...
[02/Mar/2022:03:48:37] (S): No tags to process.
[02/Mar/2022:03:48:37] (P): Processing terms...
[02/Mar/2022:03:48:37] (W): Failed to import elementor_library_type page
[02/Mar/2022:03:48:37] (E): Invalid taxonomy.
[02/Mar/2022:03:48:37] (W): Failed to import elementor_library_type section
[02/Mar/2022:03:48:37] (E): Invalid taxonomy.
[02/Mar/2022:03:48:37] (S): Processed terms.
[02/Mar/2022:03:48:37] (P): Processing posts...
[02/Mar/2022:03:48:37] (P): Processing single menu item ' Focus '...
[02/Mar/2022:03:48:37] (S): Processed single menu item.
[02/Mar/2022:03:48:37] (P): Processing single menu item ' About '...
[02/Mar/2022:03:48:37] (S): Processed single menu item.
[02/Mar/2022:03:48:37] (P): Processing single menu item ' Team '...
[02/Mar/2022:03:48:37] (S): Processed single menu item.
[02/Mar/2022:03:48:37] (P): Processing single menu item ' Testimonials '...
[02/Mar/2022:03:48:37] (S): Processed single menu item.
[02/Mar/2022:03:48:37] (P): Processing single menu item ' Contact '...
[02/Mar/2022:03:48:37] (S): Processed single menu item.
[02/Mar/2022:03:48:37] (P): Processing attachment: https://s33834.pcdn.co/zelle-gb/wp-content/uploads/sites/449/2019/02/zelle-expert1.jpg...
[02/Mar/2022:03:48:37] (P): Fetching attachment from url: https://s33834.pcdn.co/zelle-gb/wp-content/uploads/sites/449/2019/02/zelle-expert1.jpg...
[02/Mar/2022:03:48:38] (S): Fetched remote attachment.
[02/Mar/2022:03:48:38] (P): Inserting attachment...
[02/Mar/2022:03:48:38] (S): Attachment inserted
[02/Mar/2022:03:48:38] (S): Processed attachment.
[02/Mar/2022:03:48:38] (P): Processing attachment: https://s33834.pcdn.co/zelle-gb/wp-content/uploads/sites/449/2019/02/zelle-expert2.jpg...
[02/Mar/2022:03:48:38] (P): Fetching attachment from url: https://s33834.pcdn.co/zelle-gb/wp-content/uploads/sites/449/2019/02/zelle-expert2.jpg...
[02/Mar/2022:03:48:38] (S): Fetched remote attachment.
[02/Mar/2022:03:48:38] (P): Inserting attachment...
[02/Mar/2022:03:48:38] (S): Attachment inserted
[02/Mar/2022:03:48:38] (S): Processed attachment.
[02/Mar/2022:03:48:38] (P): Processing attachment: https://s33834.pcdn.co/zelle-gb/wp-content/uploads/sites/449/2019/02/zelle-expert3.jpg...
[02/Mar/2022:03:48:38] (P): Fetching attachment from url: https://s33834.pcdn.co/zelle-gb/wp-content/uploads/sites/449/2019/02/zelle-expert3.jpg...
[02/Mar/2022:03:48:38] (S): Fetched remote attachment.
[02/Mar/2022:03:48:38] (P): Inserting attachment...
[02/Mar/2022:03:48:38] (S): Attachment inserted
[02/Mar/2022:03:48:38] (S): Processed attachment.
[02/Mar/2022:03:48:38] (P): Processing attachment: https://s33834.pcdn.co/zelle-gb/wp-content/uploads/sites/449/2019/02/zelle-ny1-1.jpg...
[02/Mar/2022:03:48:38] (P): Fetching attachment from url: https://s33834.pcdn.co/zelle-gb/wp-content/uploads/sites/449/2019/02/zelle-ny1-1.jpg...
[02/Mar/2022:03:48:38] (S): Fetched remote attachment.
[02/Mar/2022:03:48:38] (P): Inserting attachment...
[02/Mar/2022:03:48:38] (S): Attachment inserted
[02/Mar/2022:03:48:38] (S): Processed attachment.
[02/Mar/2022:03:48:38] (P): Processing attachment: https://s33834.pcdn.co/zelle-gb/wp-content/uploads/sites/449/2019/02/zelle-safari1-1.jpg...
[02/Mar/2022:03:48:38] (P): Fetching attachment from url: https://s33834.pcdn.co/zelle-gb/wp-content/uploads/sites/449/2019/02/zelle-safari1-1.jpg...
[02/Mar/2022:03:48:39] (S): Fetched remote attachment.
[02/Mar/2022:03:48:39] (P): Inserting attachment...
[02/Mar/2022:03:48:39] (S): Attachment inserted
[02/Mar/2022:03:48:39] (S): Processed attachment.
[02/Mar/2022:03:48:39] (P): Processing attachment: https://s33834.pcdn.co/zelle-gb/wp-content/uploads/sites/449/2019/02/zelle-camper1-1.jpg...
[02/Mar/2022:03:48:39] (P): Fetching attachment from url: https://s33834.pcdn.co/zelle-gb/wp-content/uploads/sites/449/2019/02/zelle-camper1-1.jpg...
[02/Mar/2022:03:48:39] (S): Fetched remote attachment.
[02/Mar/2022:03:48:39] (P): Inserting attachment...
[02/Mar/2022:03:48:39] (S): Attachment inserted
[02/Mar/2022:03:48:39] (S): Processed attachment.
[02/Mar/2022:03:48:39] (P): Processing attachment: https://s33834.pcdn.co/zelle-gb/wp-content/uploads/sites/449/2019/02/zelle-asia1-1.jpg...
[02/Mar/2022:03:48:39] (P): Fetching attachment from url: https://s33834.pcdn.co/zelle-gb/wp-content/uploads/sites/449/2019/02/zelle-asia1-1.jpg...
[02/Mar/2022:03:48:39] (S): Fetched remote attachment.
[02/Mar/2022:03:48:39] (P): Inserting attachment...
[02/Mar/2022:03:48:39] (S): Attachment inserted
[02/Mar/2022:03:48:39] (S): Processed attachment.
[02/Mar/2022:03:48:39] (P): Processing attachment: https://s33834.pcdn.co/zelle-gb/wp-content/uploads/sites/449/2019/02/zelle-india1-1.jpg...
[02/Mar/2022:03:48:39] (P): Fetching attachment from url: https://s33834.pcdn.co/zelle-gb/wp-content/uploads/sites/449/2019/02/zelle-india1-1.jpg...
[02/Mar/2022:03:48:39] (S): Fetched remote attachment.
[02/Mar/2022:03:48:39] (P): Inserting attachment...
[02/Mar/2022:03:48:39] (S): Attachment inserted
[02/Mar/2022:03:48:40] (S): Processed attachment.
[02/Mar/2022:03:48:40] (P): Processing attachment: https://s33834.pcdn.co/zelle-gb/wp-content/uploads/sites/449/2019/02/zelle-cambodgia1-1.jpg...
[02/Mar/2022:03:48:40] (P): Fetching attachment from url: https://s33834.pcdn.co/zelle-gb/wp-content/uploads/sites/449/2019/02/zelle-cambodgia1-1.jpg...
[02/Mar/2022:03:48:40] (S): Fetched remote attachment.
[02/Mar/2022:03:48:40] (P): Inserting attachment...
[02/Mar/2022:03:48:40] (S): Attachment inserted
[02/Mar/2022:03:48:40] (S): Processed attachment.
[02/Mar/2022:03:48:40] (P): Processing attachment: https://s33834.pcdn.co/zelle-gb/wp-content/uploads/sites/449/2019/03/neve-zelle-hero-image-1.jpg...
[02/Mar/2022:03:48:40] (P): Fetching attachment from url: https://s33834.pcdn.co/zelle-gb/wp-content/uploads/sites/449/2019/03/neve-zelle-hero-image-1.jpg...
[02/Mar/2022:03:48:40] (S): Fetched remote attachment.
[02/Mar/2022:03:48:40] (P): Inserting attachment...
[02/Mar/2022:03:48:40] (S): Attachment inserted
[02/Mar/2022:03:48:40] (S): Processed attachment.
[02/Mar/2022:03:48:40] (P): Inserting page: Home .
[02/Mar/2022:03:48:40] (S): Done inserting page: Home .
[02/Mar/2022:03:48:40] (P): Inserting custom_css: neve .
[02/Mar/2022:03:48:40] (S): Done inserting custom_css: neve .
[02/Mar/2022:03:48:40] (P): Processing attachment: https://s33834.pcdn.co/zelle-gb/wp-content/uploads/sites/449/2020/02/map.png...
[02/Mar/2022:03:48:40] (P): Fetching attachment from url: https://s33834.pcdn.co/zelle-gb/wp-content/uploads/sites/449/2020/02/map.png...
[02/Mar/2022:03:48:41] (S): Fetched remote attachment.
[02/Mar/2022:03:48:41] (P): Inserting attachment...
[02/Mar/2022:03:48:41] (S): Attachment inserted
[02/Mar/2022:03:48:41] (S): Processed attachment.
[02/Mar/2022:03:48:41] (P): Processing attachment: https://s33834.pcdn.co/zelle-gb/wp-content/uploads/sites/449/2020/02/Capture.png...
[02/Mar/2022:03:48:41] (P): Fetching attachment from url: https://s33834.pcdn.co/zelle-gb/wp-content/uploads/sites/449/2020/02/Capture.png...
[02/Mar/2022:03:48:41] (S): Fetched remote attachment.
[02/Mar/2022:03:48:41] (P): Inserting attachment...
[02/Mar/2022:03:48:41] (S): Attachment inserted
[02/Mar/2022:03:48:41] (S): Processed attachment.
[02/Mar/2022:03:48:41] (P): Processing single menu item ' '...
[02/Mar/2022:03:48:41] (P): Inserting post: New York as low as 399,99€ .
[02/Mar/2022:03:48:41] (S): Done inserting post: New York as low as 399,99€ .
[02/Mar/2022:03:48:41] (P): Inserting post: Cambodgia as low as 799,90€ .
[02/Mar/2022:03:48:41] (S): Done inserting post: Cambodgia as low as 799,90€ .
[02/Mar/2022:03:48:41] (P): Inserting post: India by train as low as 549,99€ .
[02/Mar/2022:03:48:41] (S): Done inserting post: India by train as low as 549,99€ .
[02/Mar/2022:03:48:41] (P): Inserting post: Beautiful itinerary in Asia .
[02/Mar/2022:03:48:41] (S): Done inserting post: Beautiful itinerary in Asia .
[02/Mar/2022:03:48:41] (P): Inserting post: 3 circuits with a Camper Van .
[02/Mar/2022:03:48:41] (S): Done inserting post: 3 circuits with a Camper Van .
[02/Mar/2022:03:48:41] (P): Inserting post: The 3 Safaris you must experience .
[02/Mar/2022:03:48:41] (S): Done inserting post: The 3 Safaris you must experience .
[02/Mar/2022:03:48:41] (P): Inserting wp_block: Heading with text .
[02/Mar/2022:03:48:41] (S): Done inserting wp_block: Heading with text .
[02/Mar/2022:03:48:41] (P): Inserting wp_block: Services .
[02/Mar/2022:03:48:41] (S): Done inserting wp_block: Services .
[02/Mar/2022:03:48:41] (P): Inserting page: Blog .
[02/Mar/2022:03:48:41] (S): Done inserting page: Blog .
[02/Mar/2022:03:48:41] (S): Processed posts.
[02/Mar/2022:03:48:41] (P): Processing single menu item ' '...
[02/Mar/2022:03:48:42] (S): Processed single menu item.
[02/Mar/2022:03:48:42] (P): Cleaning up import with id ...
[02/Mar/2022:03:48:42] (P): Done cleanup. Flushing cache...
[02/Mar/2022:03:48:42] (P): Flushed cache. Removing temporary data..
[02/Mar/2022:03:48:42] (S): Done importing
[02/Mar/2022:03:48:42] (P): Busting elementor cache
[02/Mar/2022:03:48:42] (S): Front page set up with id: 143.
